<?xml version="1.0" encoding="UTF-8"?>
<!-- Generated by org.testng.reporters.JUnitReportReporter -->
<testsuite hostname="DESKTOP-0G0LRH5" failures="0" tests="1" name="Utility.BasicCalculator" time="0.025" errors="0" timestamp="2023-11-10T19:21:14 IST" skipped="0">
  <testcase classname="Utility.BasicCalculator" name="sum" time="0.025"/>
</testsuite> <!-- Utility.BasicCalculator -->
