<?xml version="1.0" encoding="UTF-8"?>
<!-- Generated by org.testng.reporters.JUnitReportReporter -->
<testsuite hostname="DESKTOP-0G0LRH5" failures="0" tests="2" name="Utility.BasicCalculator" time="0.016" errors="0" timestamp="2023-11-10T20:24:47 IST" skipped="0">
  <testcase classname="Utility.BasicCalculator" name="sum" time="0.001"/>
  <testcase classname="Utility.BasicCalculator" name="multiplication" time="0.015"/>
</testsuite> <!-- Utility.BasicCalculator -->
